TN:
SF:src/UtuhCredit.sol
DA:236,42
FN:236,UtuhCredit.constructor
FNDA:42,UtuhCredit.constructor
DA:243,42
DA:244,42
DA:245,42
BRDA:245,0,0,1
DA:246,41
BRDA:246,1,0,1
DA:247,1
DA:249,40
BRDA:249,2,0,0
DA:250,40
BRDA:250,3,0,2
DA:251,38
DA:252,38
DA:253,38
DA:254,38
DA:255,38
DA:256,38
DA:257,38
DA:258,38
DA:259,38
DA:260,38
DA:261,38
BRDA:261,4,0,1
DA:262,37
DA:263,36
DA:264,36
DA:265,38
DA:266,38
DA:268,36
DA:269,36
DA:272,111
FN:272,UtuhCredit._requireTopic
FNDA:111,UtuhCredit._requireTopic
DA:273,111
BRDA:273,5,0,0
DA:276,111
FN:276,UtuhCredit._requireSpec
FNDA:111,UtuhCredit._requireSpec
DA:277,111
DA:278,111
BRDA:278,6,0,0
DA:279,111
BRDA:279,7,0,1
DA:286,4
FN:286,UtuhCredit.fund
FNDA:4,UtuhCredit.fund
DA:287,4
BRDA:287,8,0,1
DA:288,3
DA:289,3
DA:293,3
FN:293,UtuhCredit.withdraw
FNDA:3,UtuhCredit.withdraw
DA:294,3
BRDA:294,9,0,1
DA:295,2
BRDA:295,10,0,1
DA:296,1
DA:297,1
DA:298,1
DA:321,0
FN:321,UtuhCredit.proveControl
FNDA:0,UtuhCredit.proveControl
DA:325,0
DA:331,0
BRDA:331,11,0,-
DA:333,0
DA:334,0
DA:336,0
DA:340,0
FN:340,UtuhCredit._readControlTx
FNDA:0,UtuhCredit._readControlTx
DA:341,0
DA:342,0
BRDA:342,12,0,-
DA:344,0
DA:345,0
BRDA:345,13,0,-
DA:347,0
DA:348,0
DA:349,0
BRDA:349,14,0,-
DA:351,0
DA:355,0
FN:355,UtuhCredit._readCommitment
FNDA:0,UtuhCredit._readCommitment
DA:356,0
BRDA:356,15,0,-
DA:357,0
DA:359,0
DA:361,0
BRDA:361,16,0,-
DA:362,0
DA:366,259
FN:366,UtuhCredit.controlCommitment
FNDA:259,UtuhCredit.controlCommitment
DA:367,259
DA:375,4
FN:375,UtuhCredit.expectedScope
FNDA:4,UtuhCredit.expectedScope
DA:376,4
DA:377,4
DA:378,4
DA:379,4
DA:380,4
DA:383,4
BRDA:383,17,0,1
DA:384,1
DA:385,1
DA:387,4
DA:388,4
DA:397,3
FN:397,UtuhCredit.openLine
FNDA:3,UtuhCredit.openLine
DA:402,3
BRDA:402,18,0,3
DA:403,0
BRDA:403,19,0,-
DA:404,0
DA:409,0
DA:411,0
DA:412,0
BRDA:412,20,0,-
DA:413,0
DA:415,0
DA:417,0
DA:418,0
BRDA:418,21,0,-
DA:420,0
DA:421,0
BRDA:421,22,0,-
DA:423,0
DA:424,0
DA:425,0
BRDA:425,23,0,-
DA:426,0
BRDA:426,24,0,-
DA:429,0
DA:430,0
DA:431,0
DA:434,0
DA:435,0
DA:436,0
DA:437,0
DA:438,0
DA:439,0
DA:440,0
DA:441,0
DA:443,0
DA:450,0
FN:450,UtuhCredit._checkClean
FNDA:0,UtuhCredit._checkClean
DA:454,0
DA:455,0
DA:456,0
DA:457,0
DA:459,0
BRDA:459,25,0,-
DA:460,0
DA:462,0
DA:463,0
BRDA:463,26,0,-
DA:468,0
DA:469,0
BRDA:469,27,0,-
DA:471,0
DA:472,0
BRDA:472,28,0,-
DA:476,0
FN:476,UtuhCredit._spend
FNDA:0,UtuhCredit._spend
DA:477,0
BRDA:477,29,0,-
DA:478,0
DA:481,1
FN:481,UtuhCredit.cleanSpecCount
FNDA:1,UtuhCredit.cleanSpecCount
DA:482,1
DA:485,2
FN:485,UtuhCredit.cleanSpecAt
FNDA:2,UtuhCredit.cleanSpecAt
DA:486,2
DA:491,0
FN:491,UtuhCredit._requireScope
FNDA:0,UtuhCredit._requireScope
DA:492,0
DA:493,0
DA:494,0
BRDA:494,30,0,-
DA:497,0
FN:497,UtuhCredit._requireUsable
FNDA:0,UtuhCredit._requireUsable
DA:498,0
BRDA:498,31,0,-
DA:512,0
FN:512,UtuhCredit.draw
FNDA:0,UtuhCredit.draw
DA:513,0
DA:514,0
BRDA:514,32,0,-
DA:515,0
BRDA:515,33,0,-
DA:516,0
BRDA:516,34,0,-
DA:518,0
DA:519,0
BRDA:519,35,0,-
DA:520,0
BRDA:520,36,0,-
DA:522,0
DA:524,0
DA:525,0
DA:526,0
DA:531,0
BRDA:531,37,0,-
DA:533,0
DA:534,0
DA:538,771
FN:538,UtuhCredit._repaymentFor
FNDA:771,UtuhCredit._repaymentFor
DA:539,771
DA:540,771
DA:543,771
FN:543,UtuhCredit.repaymentFor
FNDA:771,UtuhCredit.repaymentFor
DA:544,771
DA:547,1542
FN:547,UtuhCredit._ceilDiv
FNDA:1542,UtuhCredit._ceilDiv
DA:548,1542
DA:555,0
FN:555,UtuhCredit.settle
FNDA:0,UtuhCredit.settle
DA:556,0
DA:557,0
BRDA:557,38,0,-
DA:558,0
BRDA:558,39,0,-
DA:560,0
DA:562,0
DA:563,0
BRDA:563,40,0,-
DA:567,0
DA:568,0
DA:569,0
BRDA:569,41,0,-
DA:571,0
BRDA:571,42,0,-
DA:572,0
DA:573,0
DA:575,0
DA:577,0
BRDA:577,43,0,-
DA:579,0
DA:580,0
DA:587,0
FN:587,UtuhCredit.markDefault
FNDA:0,UtuhCredit.markDefault
DA:588,0
DA:589,0
BRDA:589,44,0,-
DA:590,0
BRDA:590,45,0,-
DA:591,0
BRDA:591,46,0,-
DA:593,0
DA:594,0
DA:597,0
FN:597,UtuhCredit.line
FNDA:0,UtuhCredit.line
DA:598,0
DA:605,1
FN:605,UtuhCredit._pay
FNDA:1,UtuhCredit._pay
DA:606,1
DA:607,1
BRDA:607,47,0,0
FNF:25
FNH:14
LF:182
LH:71
BRF:48
BRH:10
end_of_record
TN:
SF:src/UtuhRegistry.sol
DA:169,35
FN:169,UtuhRegistry.constructor
FNDA:35,UtuhRegistry.constructor
DA:170,35
BRDA:170,0,0,1
DA:171,1
DA:173,34
DA:174,34
DA:175,34
DA:189,0
FN:189,UtuhRegistry.open
FNDA:0,UtuhRegistry.open
DA:194,0
BRDA:194,1,0,-
DA:195,0
BRDA:195,2,0,-
DA:196,0
BRDA:196,3,0,-
DA:197,0
DA:199,0
BRDA:199,4,0,-
DA:200,0
DA:202,0
DA:203,0
BRDA:203,5,0,-
DA:205,0
DA:206,0
DA:207,0
DA:208,0
DA:209,0
DA:210,0
DA:211,0
DA:212,0
DA:213,0
DA:214,0
DA:216,0
DA:230,0
FN:230,UtuhRegistry.appendBatch
FNDA:0,UtuhRegistry.appendBatch
DA:235,0
DA:236,0
BRDA:236,6,0,-
DA:237,0
BRDA:237,7,0,-
DA:238,0
BRDA:238,8,0,-
DA:239,0
BRDA:239,9,0,-
DA:241,0
DA:243,0
DA:244,0
DA:250,0
FN:250,UtuhRegistry._verifyBatch
FNDA:0,UtuhRegistry._verifyBatch
DA:257,0
DA:258,0
DA:259,0
DA:260,0
DA:262,0
DA:263,0
DA:264,0
BRDA:264,10,0,-
DA:265,0
DA:266,0
DA:267,0
DA:270,0
BRDA:270,11,0,-
DA:276,0
FN:276,UtuhRegistry._record
FNDA:0,UtuhRegistry._record
DA:277,0
DA:279,0
DA:280,0
DA:282,0
BRDA:282,12,0,-
DA:284,0
DA:286,0
DA:287,0
DA:288,0
DA:290,0
DA:297,0
FN:297,UtuhRegistry.seal
FNDA:0,UtuhRegistry.seal
DA:298,0
DA:299,0
BRDA:299,13,0,-
DA:300,0
BRDA:300,14,0,-
DA:302,0
DA:303,0
DA:305,0
DA:310,0
FN:310,UtuhRegistry.abandon
FNDA:0,UtuhRegistry.abandon
DA:311,0
DA:312,0
BRDA:312,15,0,-
DA:313,0
BRDA:313,16,0,-
DA:315,0
DA:316,0
DA:317,0
DA:319,0
DA:320,0
DA:337,0
FN:337,UtuhRegistry.refute
FNDA:0,UtuhRegistry.refute
DA:338,0
DA:339,0
BRDA:339,17,0,-
DA:341,0
DA:342,0
BRDA:342,18,0,-
DA:344,0
BRDA:344,19,0,-
DA:345,0
DA:348,0
DA:356,0
DA:358,0
BRDA:358,20,0,-
DA:360,0
DA:361,0
DA:363,0
DA:364,0
DA:365,0
DA:367,0
DA:368,0
DA:377,0
FN:377,UtuhRegistry.finalize
FNDA:0,UtuhRegistry.finalize
DA:378,0
DA:379,0
BRDA:379,21,0,-
DA:381,0
DA:382,0
BRDA:382,22,0,-
DA:384,0
DA:385,0
DA:386,0
DA:387,0
DA:389,0
DA:393,1
FN:393,UtuhRegistry.withdraw
FNDA:1,UtuhRegistry.withdraw
DA:394,1
DA:395,1
BRDA:395,23,0,1
DA:396,0
DA:397,0
DA:398,0
DA:406,0
FN:406,UtuhRegistry._verifyOne
FNDA:0,UtuhRegistry._verifyOne
DA:411,0
DA:412,0
DA:414,0
BRDA:414,24,0,-
DA:415,0
DA:418,0
DA:419,0
DA:420,0
DA:429,0
FN:429,UtuhRegistry._extractLog
FNDA:0,UtuhRegistry._extractLog
DA:434,0
DA:435,0
BRDA:435,25,0,-
DA:440,0
DA:441,0
BRDA:441,26,0,-
DA:443,0
BRDA:443,27,0,-
DA:444,0
DA:446,0
DA:448,0
DA:449,0
BRDA:449,28,0,-
DA:457,0
FN:457,UtuhRegistry._contains
FNDA:0,UtuhRegistry._contains
DA:458,0
DA:459,0
DA:460,0
DA:461,0
DA:462,0
DA:463,0
DA:464,0
BRDA:464,29,0,-
DA:465,0
BRDA:465,30,0,-
BRDA:465,30,1,-
DA:466,0
DA:468,0
DA:482,3
FN:482,UtuhRegistry.enforceableLoss
FNDA:3,UtuhRegistry.enforceableLoss
DA:483,3
DA:487,3
BRDA:487,31,0,3
DA:488,0
DA:495,2
FN:495,UtuhRegistry.isUsable
FNDA:2,UtuhRegistry.isUsable
DA:496,2
DA:497,2
DA:500,0
FN:500,UtuhRegistry.claim
FNDA:0,UtuhRegistry.claim
DA:501,0
DA:504,0
FN:504,UtuhRegistry.memberCount
FNDA:0,UtuhRegistry.memberCount
DA:505,0
DA:508,0
FN:508,UtuhRegistry.keyAt
FNDA:0,UtuhRegistry.keyAt
DA:509,0
DA:512,0
FN:512,UtuhRegistry.contains
FNDA:0,UtuhRegistry.contains
DA:513,0
DA:516,0
FN:516,UtuhRegistry.challengeUntil
FNDA:0,UtuhRegistry.challengeUntil
DA:517,0
DA:518,0
DA:527,0
FN:527,UtuhRegistry._pay
FNDA:0,UtuhRegistry._pay
DA:528,0
BRDA:528,32,0,-
DA:529,0
DA:530,0
BRDA:530,33,0,-
FNF:21
FNH:4
LF:157
LH:15
BRF:35
BRH:3
end_of_record
TN:
SF:src/interfaces/IBlockProver.sol
DA:68,72
FN:68,BlockProverLib.getProver
FNDA:72,BlockProverLib.getProver
DA:69,72
FNF:1
FNH:1
LF:2
LH:2
BRF:0
BRH:0
end_of_record
TN:
SF:src/interfaces/IChainInfo.sol
DA:41,72
FN:41,ChainInfoLib.getChainInfo
FNDA:72,ChainInfoLib.getChainInfo
DA:42,72
FNF:1
FNH:1
LF:2
LH:2
BRF:0
BRH:0
end_of_record
TN:
SF:src/lib/EventScope.sol
DA:38,1032
FN:38,EventScope.key
FNDA:1032,EventScope.key
DA:39,1032
DA:42,1
FN:42,EventScope.blockOf
FNDA:1,EventScope.blockOf
DA:46,1
DA:51,4
FN:51,EventScope.leaf
FNDA:4,EventScope.leaf
DA:52,4
DA:56,10
FN:56,EventScope.matches
FNDA:10,EventScope.matches
DA:57,10
BRDA:57,0,0,1
DA:58,9
BRDA:58,1,0,2
DA:60,7
DA:61,18
DA:62,18
BRDA:62,2,0,11
DA:65,7
BRDA:65,3,0,1
DA:66,6
BRDA:66,4,0,2
DA:68,4
DA:72,4
FN:72,EventScope.value
FNDA:4,EventScope.value
DA:73,4
BRDA:73,5,0,1
DA:75,3
DA:76,3
BRDA:76,6,0,1
DA:78,2
DA:79,2
DA:81,2
DA:83,2
DA:87,11
FN:87,EventScope.id
FNDA:11,EventScope.id
DA:88,11
FNF:6
FNH:6
LF:25
LH:25
BRF:7
BRH:7
end_of_record
TN:
SF:src/source/SettlementLedger.sol
DA:37,261
FN:37,SettlementLedger.settle
FNDA:261,SettlementLedger.settle
DA:38,261
BRDA:38,0,0,1
DA:39,260
BRDA:39,1,0,1
DA:40,259
DA:41,259
DA:42,259
BRDA:42,2,0,1
DA:51,1
FN:51,SettlementLedger.recordAdverse
FNDA:1,SettlementLedger.recordAdverse
DA:52,1
FNF:2
FNH:2
LF:8
LH:8
BRF:3
BRH:3
end_of_record
